<?xml version="1.0" encoding="UTF-8"?>
<testng-results skipped="0" failed="0" total="1" passed="1">
  <reporter-output>
  </reporter-output>
  <suite name="Command line suite" duration-ms="35" started-at="2020-02-18T16:03:13Z" finished-at="2020-02-18T16:03:13Z">
    <groups>
    </groups>
    <test name="Command line test" duration-ms="35" started-at="2020-02-18T16:03:13Z" finished-at="2020-02-18T16:03:13Z">
      <class name="testNG.TestNgTest1">
        <test-method status="PASS" signature="f()[pri:0, instance:testNG.TestNgTest1@17c68925]" name="f" duration-ms="17" started-at="2020-02-18T21:33:13Z" finished-at="2020-02-18T21:33:13Z">
          <reporter-output>
          </reporter-output>
        </test-method> <!-- f -->
      </class> <!-- testNG.TestNgTest1 -->
    </test> <!-- Command line test -->
  </suite> <!-- Command line suite -->
</testng-results>
