<?xml version="1.0" encoding="UTF-8"?>
<testng-results skipped="0" failed="0" ignored="0" total="2" passed="2">
  <reporter-output>
  </reporter-output>
  <suite name="Suite" duration-ms="111" started-at="2020-02-22T10:29:31 IST" finished-at="2020-02-22T10:29:31 IST">
    <groups>
    </groups>
    <test name="Test" duration-ms="111" started-at="2020-02-22T10:29:31 IST" finished-at="2020-02-22T10:29:31 IST">
      <class name="testNG.TestNgTest1">
        <test-method status="PASS" signature="f()[pri:0, instance:testNG.TestNgTest1@6e0e048a]" name="f" duration-ms="34" started-at="2020-02-22T10:29:31 IST" finished-at="2020-02-22T10:29:31 IST">
          <reporter-output>
          </reporter-output>
        </test-method> <!-- f -->
      </class> <!-- testNG.TestNgTest1 -->
      <class name="testNG.LoginTestCase">
        <test-method status="PASS" signature="f()[pri:0, instance:testNG.LoginTestCase@5bc79255]" name="f" duration-ms="3" started-at="2020-02-22T10:29:31 IST" finished-at="2020-02-22T10:29:31 IST">
          <reporter-output>
          </reporter-output>
        </test-method> <!-- f -->
      </class> <!-- testNG.LoginTestCase -->
    </test> <!-- Test -->
  </suite> <!-- Suite -->
</testng-results>
